<?xml version="1.0" encoding="UTF-8"?>
<!-- Generated by org.testng.reporters.JUnitReportReporter -->
<testsuite hostname="PORT_606" failures="0" tests="2" name="rahulshettyacademy.tests.ErrorValidationsTest" time="14.618" errors="0" timestamp="2025-07-27T23:56:05 CEST" skipped="0">
  <testcase classname="rahulshettyacademy.tests.ErrorValidationsTest" name="LoginErrorValidation" time="5.927"/>
  <testcase classname="rahulshettyacademy.tests.ErrorValidationsTest" name="ProductErrorValidation" time="8.691"/>
</testsuite> <!-- rahulshettyacademy.tests.ErrorValidationsTest -->
