<?xml version="1.0" encoding="UTF-8"?>
<!-- Generated by org.testng.reporters.JUnitReportReporter -->
<testsuite hostname="PORT_606" failures="0" tests="1" name="cucumber.TestNGTestRunner" time="6.698" errors="0" timestamp="2025-07-27T23:56:05 CEST" skipped="0">
  <testcase classname="cucumber.TestNGTestRunner" name="runScenario" time="6.698"/>
</testsuite> <!-- cucumber.TestNGTestRunner -->
