<?xml version="1.0" encoding="UTF-8"?>
<!-- Generated by org.testng.reporters.JUnitReportReporter -->
<testsuite hostname="PORT_606" failures="0" tests="1" name="cucumber.TestNGTestRunner" time="11.271" errors="0" timestamp="2025-08-01T00:06:44 CEST" skipped="0">
  <testcase classname="cucumber.TestNGTestRunner" name="runScenario" time="11.271"/>
</testsuite> <!-- cucumber.TestNGTestRunner -->
