<?xml version="1.0" encoding="UTF-8"?>
<!-- Generated by org.testng.reporters.JUnitReportReporter -->
<testsuite hostname="PORT_606" failures="0" tests="2" name="rahulshettyacademy.tests.ErrorValidationsTest" time="20.374" errors="0" timestamp="2025-08-01T00:06:44 CEST" skipped="0">
  <testcase classname="rahulshettyacademy.tests.ErrorValidationsTest" name="LoginErrorValidation" time="9.111"/>
  <testcase classname="rahulshettyacademy.tests.ErrorValidationsTest" name="ProductErrorValidation" time="11.263"/>
</testsuite> <!-- rahulshettyacademy.tests.ErrorValidationsTest -->
