<?xml version="1.0" encoding="UTF-8"?>
<!-- Generated by org.testng.reporters.JUnitReportReporter -->
<testsuite hostname="PORT_606" failures="0" tests="3" name="rahulshettyacademy.tests.SubmitOrderTest" time="31.157" errors="0" timestamp="2025-07-20T23:49:20 CEST" skipped="0">
  <testcase classname="rahulshettyacademy.tests.SubmitOrderTest" name="submitOrder" time="11.729"/>
  <testcase classname="rahulshettyacademy.tests.SubmitOrderTest" name="submitOrder" time="11.127"/>
  <testcase classname="rahulshettyacademy.tests.SubmitOrderTest" name="OrderHistoryTest" time="8.301"/>
</testsuite> <!-- rahulshettyacademy.tests.SubmitOrderTest -->
