<?xml version="1.0" encoding="UTF-8"?>
<!-- Generated by org.testng.reporters.JUnitReportReporter -->
<testsuite hostname="PORT_606" failures="0" tests="2" name="rahulshettyacademy.tests.ErrorValidations" time="15.086" errors="0" timestamp="2025-07-19T00:10:29 CEST" skipped="0">
  <testcase classname="rahulshettyacademy.tests.ErrorValidations" name="LoginErrorValidation" time="3.320"/>
  <testcase classname="rahulshettyacademy.tests.ErrorValidations" name="ProductErrorValidation" time="11.766"/>
</testsuite> <!-- rahulshettyacademy.tests.ErrorValidations -->
