<?xml version="1.0" encoding="UTF-8"?>
<!-- Generated by org.testng.reporters.JUnitReportReporter -->
<testsuite hostname="PORT_606" failures="0" tests="2" name="rahulshettyacademy.tests.ErrorValidationsTest" time="15.404" errors="0" timestamp="2025-07-28T00:18:25 CEST" skipped="0">
  <testcase classname="rahulshettyacademy.tests.ErrorValidationsTest" name="ProductErrorValidation" time="10.009"/>
  <testcase classname="rahulshettyacademy.tests.ErrorValidationsTest" name="LoginErrorValidation" time="5.395"/>
</testsuite> <!-- rahulshettyacademy.tests.ErrorValidationsTest -->
