<?xml version="1.0" encoding="UTF-8"?>
<!-- Generated by org.testng.reporters.JUnitReportReporter -->
<testsuite hostname="PORT_606" failures="0" tests="2" name="rahulshettyacademy.tests.ErrorValidationsTest" time="16.228" errors="0" timestamp="2025-08-02T00:19:24 CEST" skipped="0">
  <testcase classname="rahulshettyacademy.tests.ErrorValidationsTest" name="LoginErrorValidation" time="7.449"/>
  <testcase classname="rahulshettyacademy.tests.ErrorValidationsTest" name="ProductErrorValidation" time="8.779"/>
</testsuite> <!-- rahulshettyacademy.tests.ErrorValidationsTest -->
