<?xml version="1.0" encoding="UTF-8"?>
<!-- Generated by org.testng.reporters.JUnitReportReporter -->
<testsuite hostname="PORT_606" failures="0" tests="2" name="rahulshettyacademy.tests.ErrorValidationsTest" time="15.536" errors="0" timestamp="2025-08-01T00:18:24 CEST" skipped="0">
  <testcase classname="rahulshettyacademy.tests.ErrorValidationsTest" name="LoginErrorValidation" time="5.557"/>
  <testcase classname="rahulshettyacademy.tests.ErrorValidationsTest" name="ProductErrorValidation" time="9.979"/>
</testsuite> <!-- rahulshettyacademy.tests.ErrorValidationsTest -->
