<?xml version="1.0" encoding="UTF-8"?>
<!-- Generated by org.testng.reporters.JUnitReportReporter -->
<testsuite hostname="PORT_606" failures="0" tests="2" name="rahulshettyacademy.tests.SubmitOrderTest" time="22.430" errors="0" timestamp="2025-07-27T23:40:09 CEST" skipped="0">
  <testcase classname="rahulshettyacademy.tests.SubmitOrderTest" name="submitOrder" time="11.205"/>
  <testcase classname="rahulshettyacademy.tests.SubmitOrderTest" name="submitOrder" time="11.225"/>
</testsuite> <!-- rahulshettyacademy.tests.SubmitOrderTest -->
